生成启动时间为 2014/6/23 19:26:05。
     1>项目“F:\Program\VS2010\UFSMan\UFSMan\UFSMan.vcxproj”在节点 2 上(build 个目标)。
     1>InitializeBuildStatus:
         正在创建“Debug\UFSMan.unsuccessfulbuild”，因为已指定“AlwaysCreate”。
       ClCompile:
         D:\program files (x86)\Visual Studio 2010\VC\bin\CL.exe /c /ZI /nologo /W3 /WX- /Od /Oy- /D WIN32 /D _DEBUG /D _CONSOLE /D _UNICODE /D UNICODE /Gm /EHsc /RTC1 /MDd /GS /fp:precise /Zc:wchar_t /Zc:forScope /Fo"Debug\\" /Fd"Debug\vc100.pdb" /Gd /TP /analyze- /errorReport:prompt ufsman.cpp
         ufsman.cpp
     1>f:\program\vs2010\ufsman\ufsman\ufsman.cpp(41): warning C4996: 'gets': This function or variable may be unsafe. Consider using gets_s instead. To disable deprecation, use _CRT_SECURE_NO_WARNINGS. See online help for details.
                 d:\program files (x86)\visual studio 2010\vc\include\stdio.h(277) : 参见“gets”的声明
     1>f:\program\vs2010\ufsman\ufsman\ufsman.cpp(69): warning C4996: 'strcpy': This function or variable may be unsafe. Consider using strcpy_s instead. To disable deprecation, use _CRT_SECURE_NO_WARNINGS. See online help for details.
                 d:\program files (x86)\visual studio 2010\vc\include\string.h(105) : 参见“strcpy”的声明
     1>f:\program\vs2010\ufsman\ufsman\ufsman.cpp(90): warning C4996: 'strcpy': This function or variable may be unsafe. Consider using strcpy_s instead. To disable deprecation, use _CRT_SECURE_NO_WARNINGS. See online help for details.
                 d:\program files (x86)\visual studio 2010\vc\include\string.h(105) : 参见“strcpy”的声明
       ManifestResourceCompile:
         所有输出均为最新。
       Link:
         D:\program files (x86)\Visual Studio 2010\VC\bin\link.exe /ERRORREPORT:PROMPT /OUT:"F:\Program\VS2010\UFSMan\Debug\UFSMan.exe" /INCREMENTAL /NOLOGO kernel32.lib user32.lib gdi32.lib winspool.lib comdlg32.lib advapi32.lib shell32.lib ole32.lib oleaut32.lib uuid.lib odbc32.lib odbccp32.lib /MANIFEST /ManifestFile:"Debug\UFSMan.exe.intermediate.manifest" /MANIFESTUAC:"level='asInvoker' uiAccess='false'" /DEBUG /PDB:"F:\Program\VS2010\UFSMan\Debug\UFSMan.pdb" /SUBSYSTEM:CONSOLE /TLBID:1 /DYNAMICBASE /NXCOMPAT /IMPLIB:"F:\Program\VS2010\UFSMan\Debug\UFSMan.lib" /MACHINE:X86 Debug\UFSMan.exe.embed.manifest.res
         Debug\cmd.obj
         Debug\Directory.obj
         Debug\file_system.obj
         Debug\ufsman.obj
       Manifest:
         C:\Program Files (x86)\Microsoft SDKs\Windows\v7.0A\bin\mt.exe /nologo /verbose /out:"Debug\UFSMan.exe.embed.manifest" /manifest Debug\UFSMan.exe.intermediate.manifest
         所有输出均为最新。
       LinkEmbedManifest:
         所有输出均为最新。
         UFSMan.vcxproj -> F:\Program\VS2010\UFSMan\Debug\UFSMan.exe
       FinalizeBuildStatus:
         正在删除文件“Debug\UFSMan.unsuccessfulbuild”。
         正在对“Debug\UFSMan.lastbuildstate”执行 Touch 任务。
     1>已完成生成项目“F:\Program\VS2010\UFSMan\UFSMan\UFSMan.vcxproj”(build 个目标)的操作。

生成成功。

已用时间 00:00:03.47
